<html>
<body>
<pre>
<h1>µVision Build Log</h1>
<h2>Project:</h2>
D:\2nd term\Introduction to Embedded Systems\Final_Project\Project.uvproj
Project File Date:  06/05/2021

<h2>Output:</h2>
Build target 'GPS'
compiling main.c...
tm4c123gh6pm.h(4210): warning:  #1-D: last line of file ends without a newline
  #endif
main.c(92): warning:  #167-D: argument of type "uint8_t *" is incompatible with parameter of type "const char *"
                                                        temp = atof(latitude);
main.c(95): warning:  #223-D: function "sprintf" declared implicitly
                                                        sprintf(latitude, "%.8f", temp);
main.c(113): warning:  #167-D: argument of type "uint8_t *" is incompatible with parameter of type "const char *"
                                                        temp = atof(longitude);
main.c(210): error:  #65: expected a ";"
              return 0b00000110;
main.c(212): error:  #65: expected a ";"
              return 0b00011011;
main.c(214): error:  #65: expected a ";"
              return 0b01001111;
main.c(216): error:  #65: expected a ";"
              return 0b01100110;
main.c(218): error:  #65: expected a ";"
              return 0b01101101;
main.c(220): error:  #65: expected a ";"
              return 0b01111101;
main.c(222): error:  #65: expected a ";"
              return 0b00000111;
main.c(224): error:  #65: expected a ";"
              return 0b01111111;
main.c(226): error:  #65: expected a ";"
      return 0b01101111;
main.c(317): warning:  #1-D: last line of file ends without a newline
  }
main.c: 5 warnings, 9 errors
".\Project.axf" - 9 Error(s), 5 Warning(s).
Target not created
</pre>
</body>
</html>
" - 10 Error(s), 5 Warning(s).
Target not created
